2024-07-03T16:45:26.964Z - error: Wed Jul 03 2024 21:45:26 GMT+0500 (Pakistan Standard Time) - amqplib is not defined - at module.exports.CreateChannel (D:\Micorservices Architecture\shopping\src\utils\index.js:70:28)
2024-07-03T16:46:08.100Z - error: Wed Jul 03 2024 21:46:08 GMT+0500 (Pakistan Standard Time) - Cannot read properties of undefined (reading 'connect') - at module.exports.CreateChannel (D:\Micorservices Architecture\shopping\src\utils\index.js:70:42)
2024-07-04T09:08:34.879Z - error: Thu Jul 04 2024 14:08:34 GMT+0500 (Pakistan Standard Time) - Cannot destructure property 'userId' of 'data' as it is undefined. - at ShoppingService.SubscribeEvents (D:\Micorservices Architecture\shopping\src\services\shopping-service.js:82:13)
2024-07-04T09:10:00.550Z - error: Thu Jul 04 2024 14:10:00 GMT+0500 (Pakistan Standard Time) - Cannot destructure property 'userId' of 'data' as it is undefined. - at ShoppingService.SubscribeEvents (D:\Micorservices Architecture\shopping\src\services\shopping-service.js:82:13)
2024-07-04T09:10:31.158Z - error: Thu Jul 04 2024 14:10:31 GMT+0500 (Pakistan Standard Time) - Cannot destructure property 'userId' of 'data' as it is undefined. - at ShoppingService.SubscribeEvents (D:\Micorservices Architecture\shopping\src\services\shopping-service.js:82:13)
2024-07-04T09:19:38.777Z - error: Thu Jul 04 2024 14:19:38 GMT+0500 (Pakistan Standard Time) - Cannot destructure property 'userId' of 'data' as it is undefined. - at ShoppingService.SubscribeEvents (D:\Micorservices Architecture\shopping\src\services\shopping-service.js:82:13)
2024-07-04T09:23:32.362Z - error: Thu Jul 04 2024 14:23:32 GMT+0500 (Pakistan Standard Time) - Cannot destructure property 'userId' of 'data' as it is undefined. - at ShoppingService.SubscribeEvents (D:\Micorservices Architecture\shopping\src\services\shopping-service.js:82:13)
2024-07-04T10:09:03.043Z - error: Thu Jul 04 2024 15:09:03 GMT+0500 (Pakistan Standard Time) - Cannot destructure property 'userId' of 'data' as it is undefined. - at ShoppingService.SubscribeEvents (D:\Micorservices Architecture\shopping\src\services\shopping-service.js:82:13)
2024-07-04T10:23:09.530Z - error: Thu Jul 04 2024 15:23:09 GMT+0500 (Pakistan Standard Time) - Cannot destructure property 'userId' of 'data' as it is undefined. - at ShoppingService.SubscribeEvents (D:\Micorservices Architecture\shopping\src\services\shopping-service.js:82:13)
2024-07-04T10:54:59.743Z - error: Thu Jul 04 2024 15:54:59 GMT+0500 (Pakistan Standard Time) - read ECONNRESET - at TCP.onStreamRead (node:internal/stream_base_commons:218:20)
2024-07-04T11:02:22.634Z - error: Thu Jul 04 2024 16:02:22 GMT+0500 (Pakistan Standard Time) - read ECONNRESET - at TCP.onStreamRead (node:internal/stream_base_commons:218:20)
2024-07-04T11:07:03.496Z - error: Thu Jul 04 2024 16:07:03 GMT+0500 (Pakistan Standard Time) - read ECONNRESET - at TCP.onStreamRead (node:internal/stream_base_commons:218:20)
2024-07-04T11:24:42.109Z - error: Thu Jul 04 2024 16:24:42 GMT+0500 (Pakistan Standard Time) - read ECONNRESET - at TCP.onStreamRead (node:internal/stream_base_commons:218:20)
2024-07-04T11:32:32.511Z - error: Thu Jul 04 2024 16:32:32 GMT+0500 (Pakistan Standard Time) - Cannot destructure property 'userId' of 'data' as it is undefined. - at ShoppingService.SubscribeEvents (D:\Micorservices Architecture\shopping\src\services\shopping-service.js:82:13)
2024-07-04T11:35:30.760Z - error: Thu Jul 04 2024 16:35:30 GMT+0500 (Pakistan Standard Time) - read ECONNRESET - at TCP.onStreamRead (node:internal/stream_base_commons:218:20)
2024-07-04T11:55:32.076Z - error: Thu Jul 04 2024 16:55:32 GMT+0500 (Pakistan Standard Time) - read ECONNRESET - at TCP.onStreamRead (node:internal/stream_base_commons:218:20)
2024-07-04T13:24:47.613Z - error: Thu Jul 04 2024 18:24:47 GMT+0500 (Pakistan Standard Time) - read ECONNRESET - at TCP.onStreamRead (node:internal/stream_base_commons:218:20)
2024-07-04T13:29:22.080Z - error: Thu Jul 04 2024 18:29:22 GMT+0500 (Pakistan Standard Time) - No error message - at internalConnectMultiple (node:net:1117:18)
2024-07-04T13:31:18.309Z - error: Thu Jul 04 2024 18:31:18 GMT+0500 (Pakistan Standard Time) - No error message - at internalConnectMultiple (node:net:1117:18)
2024-07-05T08:22:36.113Z - error: Fri Jul 05 2024 13:22:36 GMT+0500 (Pakistan Standard Time) - read ECONNRESET - at TLSWrap.onStreamRead (node:internal/stream_base_commons:218:20)
